[    0.000000] Linux version 4.15.0-180-generic (buildd@lcy02-amd64-097) (gcc version 7.5.0 (Ubuntu 7.5.0-3ubuntu1~18.04)) #189-Ubuntu SMP Wed May 18 14:13:57 UTC 2022 (Ubuntu 4.15.0-180.189-generic 4.15.18)
[    0.000000] Command line: BOOT_IMAGE=/boot/vmlinuz-4.15.0-180-generic root=UUID=f4037ac7-f3a3-4a3d-92e4-f68bbf70221a ro console=tty1 console=ttyS0
[    0.000000] KERNEL supported cpus:
[    0.000000]   Intel GenuineIntel
[    0.000000]   AMD AuthenticAMD
[    0.000000]   Centaur CentaurHauls
[    0.000000] x86/fpu: x87 FPU will use FXSAVE
[    0.000000] e820: BIOS-provided physical RAM map:
[    0.000000] BIOS-e820: [mem 0x0000000000000000-0x000000000009fbff] usable
[    0.000000] BIOS-e820: [mem 0x000000000009fc00-0x000000000009ffff] reserved
[    0.000000] BIOS-e820: [mem 0x00000000000f0000-0x00000000000fffff] reserved
[    0.000000] BIOS-e820: [mem 0x0000000000100000-0x000000007ffeffff] usable
[    0.000000] BIOS-e820: [mem 0x000000007fff0000-0x000000007fffffff] ACPI data
[    0.000000] BIOS-e820: [mem 0x00000000fec00000-0x00000000fec00fff] reserved
[    0.000000] BIOS-e820: [mem 0x00000000fee00000-0x00000000fee00fff] reserved
[    0.000000] BIOS-e820: [mem 0x00000000fffc0000-0x00000000ffffffff] reserved
[    0.000000] NX (Execute Disable) protection: active
[    0.000000] SMBIOS 2.5 present.
[    0.000000] DMI: innotek GmbH VirtualBox/VirtualBox, BIOS VirtualBox 12/01/2006
[    0.000000] Hypervisor detected: KVM
[    0.000000] e820: last_pfn = 0x7fff0 max_arch_pfn = 0x400000000
[    0.000000] MTRR: Disabled
[    0.000000] x86/PAT: MTRRs disabled, skipping PAT initialization too.
[    0.000000] CPU MTRRs all blank - virtualized system.
[    0.000000] x86/PAT: Configuration [0-7]: WB  WT  UC- UC  WB  WT  UC- UC  
[    0.000000] found SMP MP-table at [mem 0x0009fff0-0x0009ffff]
[    0.000000] Scanning 1 areas for low memory corruption
[    0.000000] RAMDISK: [mem 0x3581d000-0x36c05fff]
[    0.000000] ACPI: Early table checksum verification disabled
[    0.000000] ACPI: RSDP 0x00000000000E0000 000024 (v02 VBOX  )
[    0.000000] ACPI: XSDT 0x000000007FFF0030 00003C (v01 VBOX   VBOXXSDT 00000001 ASL  00000061)
[    0.000000] ACPI: FACP 0x000000007FFF00F0 0000F4 (v04 VBOX   VBOXFACP 00000001 ASL  00000061)
[    0.000000] ACPI: DSDT 0x000000007FFF0470 002325 (v02 VBOX   VBOXBIOS 00000002 INTL 20100528)
[    0.000000] ACPI: FACS 0x000000007FFF0200 000040
[    0.000000] ACPI: FACS 0x000000007FFF0200 000040
[    0.000000] ACPI: APIC 0x000000007FFF0240 00005C (v02 VBOX   VBOXAPIC 00000001 ASL  00000061)
[    0.000000] ACPI: SSDT 0x000000007FFF02A0 0001CC (v01 VBOX   VBOXCPUT 00000002 INTL 20100528)
[    0.000000] ACPI: Reserving FACP table memory at [mem 0x7fff00f0-0x7fff01e3]
[    0.000000] ACPI: Reserving DSDT table memory at [mem 0x7fff0470-0x7fff2794]
[    0.000000] ACPI: Reserving FACS table memory at [mem 0x7fff0200-0x7fff023f]
[    0.000000] ACPI: Reserving FACS table memory at [mem 0x7fff0200-0x7fff023f]
[    0.000000] ACPI: Reserving APIC table memory at [mem 0x7fff0240-0x7fff029b]
[    0.000000] ACPI: Reserving SSDT table memory at [mem 0x7fff02a0-0x7fff046b]
[    0.000000] No NUMA configuration found
[    0.000000] Faking a node at [mem 0x0000000000000000-0x000000007ffeffff]
[    0.000000] NODE_DATA(0) allocated [mem 0x7ffc5000-0x7ffeffff]
[    0.000000] kvm-clock: cpu 0, msr 0:7ff44001, primary cpu clock
[    0.000000] kvm-clock: Using msrs 4b564d01 and 4b564d00
[    0.000000] kvm-clock: using sched offset of 4134280120 cycles
[    0.000000] clocksource: kvm-clock: mask: 0xffffffffffffffff max_cycles: 0x1cd42e4dffb, max_idle_ns: 881590591483 ns
[    0.000000] Zone ranges:
[    0.000000]   DMA      [mem 0x0000000000001000-0x0000000000ffffff]
[    0.000000]   DMA32    [mem 0x0000000001000000-0x000000007ffeffff]
[    0.000000]   Normal   empty
[    0.000000]   Device   empty
[    0.000000] Movable zone start for each node
[    0.000000] Early memory node ranges
[    0.000000]   node   0: [mem 0x0000000000001000-0x000000000009efff]
[    0.000000]   node   0: [mem 0x0000000000100000-0x000000007ffeffff]
[    0.000000] Reserved but unavailable: 104 pages
[    0.000000] Initmem setup node 0 [mem 0x0000000000001000-0x000000007ffeffff]
[    0.000000] ACPI: PM-Timer IO Port: 0x4008
[    0.000000] IOAPIC[0]: apic_id 2, version 32, address 0xfec00000, GSI 0-23
[    0.000000] ACPI: INT_SRC_OVR (bus 0 bus_irq 0 global_irq 2 dfl dfl)
[    0.000000] ACPI: INT_SRC_OVR (bus 0 bus_irq 9 global_irq 9 low level)
[    0.000000] Using ACPI (MADT) for SMP configuration information
[    0.000000] smpboot: Allowing 2 CPUs, 0 hotplug CPUs
[    0.000000] PM: Registered nosave memory: [mem 0x00000000-0x00000fff]
[    0.000000] PM: Registered nosave memory: [mem 0x0009f000-0x0009ffff]
[    0.000000] PM: Registered nosave memory: [mem 0x000a0000-0x000effff]
[    0.000000] PM: Registered nosave memory: [mem 0x000f0000-0x000fffff]
[    0.000000] e820: [mem 0x80000000-0xfebfffff] available for PCI devices
[    0.000000] Booting paravirtualized kernel on KVM
[    0.000000] clocksource: refined-jiffies: mask: 0xffffffff max_cycles: 0xffffffff, max_idle_ns: 7645519600211568 ns
[    0.000000] random: get_random_bytes called from start_kernel+0x99/0x500 with crng_init=0
[    0.000000] setup_percpu: NR_CPUS:8192 nr_cpumask_bits:2 nr_cpu_ids:2 nr_node_ids:1
[    0.000000] percpu: Embedded 50 pages/cpu s167936 r8192 d28672 u1048576
[    0.000000] PV qspinlock hash table entries: 256 (order: 0, 4096 bytes)
[    0.000000] Built 1 zonelists, mobility grouping on.  Total pages: 515961
[    0.000000] Policy zone: DMA32
[    0.000000] Kernel command line: BOOT_IMAGE=/boot/vmlinuz-4.15.0-180-generic root=UUID=f4037ac7-f3a3-4a3d-92e4-f68bbf70221a ro console=tty1 console=ttyS0
[    0.000000] Memory: 2013980K/2096696K available (12300K kernel code, 2484K rwdata, 4324K rodata, 2468K init, 2724K bss, 82716K reserved, 0K cma-reserved)
[    0.000000] SLUB: HWalign=64, Order=0-3, MinObjects=0, CPUs=2, Nodes=1
[    0.000000] ftrace: allocating 39507 entries in 155 pages
[    0.004000] Hierarchical RCU implementation.
[    0.004000] 	RCU restricting CPUs from NR_CPUS=8192 to nr_cpu_ids=2.
[    0.004000] 	Tasks RCU enabled.
[    0.004000] RCU: Adjusting geometry for rcu_fanout_leaf=16, nr_cpu_ids=2
[    0.004000] NR_IRQS: 524544, nr_irqs: 440, preallocated irqs: 16
[    0.004000] Console: colour VGA+ 80x25
[    0.004000] console [tty1] enabled
[    0.004000] console [ttyS0] enabled
[    0.004000] ACPI: Core revision 20170831
[    0.004000] ACPI: 2 ACPI AML tables successfully acquired and loaded
[    0.004000] APIC: Switch to symmetric I/O mode setup
[    0.004000] ..TIMER: vector=0x30 apic1=0 pin1=2 apic2=-1 pin2=-1
[    0.004000] tsc: Detected 2419.208 MHz processor
[    0.004000] Calibrating delay loop (skipped) preset value.. 4838.41 BogoMIPS (lpj=9676832)
[    0.004000] pid_max: default: 32768 minimum: 301
[    0.004000] Security Framework initialized
[    0.004000] Yama: becoming mindful.
[    0.004000] AppArmor: AppArmor initialized
[    0.004000] Dentry cache hash table entries: 262144 (order: 9, 2097152 bytes)
[    0.004000] Inode-cache hash table entries: 131072 (order: 8, 1048576 bytes)
[    0.004000] Mount-cache hash table entries: 4096 (order: 3, 32768 bytes)
[    0.004000] Mountpoint-cache hash table entries: 4096 (order: 3, 32768 bytes)
[    0.004952] Last level iTLB entries: 4KB 0, 2MB 0, 4MB 0
[    0.008000] Last level dTLB entries: 4KB 0, 2MB 0, 4MB 0, 1GB 0
[    0.008000] Spectre V1 : Mitigation: usercopy/swapgs barriers and __user pointer sanitization
[    0.008000] Spectre V2 : Mitigation: Enhanced IBRS
[    0.008000] Spectre V2 : Spectre v2 / SpectreRSB mitigation: Filling RSB on context switch
[    0.008000] Speculative Store Bypass: Vulnerable
[    0.008000] Freeing SMP alternatives memory: 36K
[    0.012000] smpboot: CPU0: 11th Gen Intel(R) Core(TM) i5-1135G7 @ 2.40GHz (family: 0x6, model: 0x8c, stepping: 0x1)
[    0.012000] Performance Events: unsupported p6 CPU model 140 no PMU driver, software events only.
[    0.012000] Hierarchical SRCU implementation.
[    0.012000] NMI watchdog: Perf event create on CPU 0 failed with -2
[    0.012000] NMI watchdog: Perf NMI watchdog permanently disabled
[    0.012000] smp: Bringing up secondary CPUs ...
[    0.012000] x86: Booting SMP configuration:
[    0.012000] .... node  #0, CPUs:      #1
[    0.004000] kvm-clock: cpu 1, msr 0:7ff44041, secondary cpu clock
[    0.028140] smp: Brought up 1 node, 2 CPUs
[    0.030818] smpboot: Max logical packages: 1
[    0.032000] smpboot: Total of 2 processors activated (9676.83 BogoMIPS)
[    0.032893] devtmpfs: initialized
[    0.036000] x86/mm: Memory block size: 128MB
[    0.036000] evm: security.selinux
[    0.036000] evm: security.SMACK64
[    0.036000] evm: security.SMACK64EXEC
[    0.036000] evm: security.SMACK64TRANSMUTE
[    0.036000] evm: security.SMACK64MMAP
[    0.036000] evm: security.apparmor
[    0.036000] evm: security.ima
[    0.036000] evm: security.capability
[    0.036527] clocksource: jiffies: mask: 0xffffffff max_cycles: 0xffffffff, max_idle_ns: 7645041785100000 ns
[    0.040000] futex hash table entries: 512 (order: 3, 32768 bytes)
[    0.040000] pinctrl core: initialized pinctrl subsystem
[    0.040000] RTC time:  5:30:13, date: 06/04/22
[    0.040000] NET: Registered protocol family 16
[    0.040000] audit: initializing netlink subsys (disabled)
[    0.040098] audit: type=2000 audit(1654320618.061:1): state=initialized audit_enabled=0 res=1
[    0.048110] cpuidle: using governor ladder
[    0.050847] cpuidle: using governor menu
[    0.052000] ACPI: bus type PCI registered
[    0.052000] acpiphp: ACPI Hot Plug PCI Controller Driver version: 0.5
[    0.052000] PCI: Using configuration type 1 for base access
[    0.056129] HugeTLB registered 2.00 MiB page size, pre-allocated 0 pages
[    0.060368] ACPI: Added _OSI(Module Device)
[    0.062893] ACPI: Added _OSI(Processor Device)
[    0.064000] ACPI: Added _OSI(3.0 _SCP Extensions)
[    0.064000] ACPI: Added _OSI(Processor Aggregator Device)
[    0.064000] ACPI: Added _OSI(Linux-Dell-Video)
[    0.064000] ACPI: Added _OSI(Linux-Lenovo-NV-HDMI-Audio)
[    0.064000] ACPI: Added _OSI(Linux-HPI-Hybrid-Graphics)
[    0.065890] ACPI: Executed 1 blocks of module-level executable AML code
[    0.074128] ACPI: Interpreter enabled
[    0.076000] ACPI: (supports S0 S5)
[    0.076000] ACPI: Using IOAPIC for interrupt routing
[    0.076251] PCI: Using host bridge windows from ACPI; if necessary, use "pci=nocrs" and report a bug
[    0.080000] ACPI: Enabled 2 GPEs in block 00 to 07
[    0.091608] ACPI: PCI Root Bridge [PCI0] (domain 0000 [bus 00-ff])
[    0.092000] acpi PNP0A03:00: _OSC: OS supports [ASPM ClockPM Segments MSI]
[    0.092506] acpi PNP0A03:00: _OSC: not requesting OS control; OS requires [ExtendedConfig ASPM ClockPM MSI]
[    0.096000] acpi PNP0A03:00: fail to add MMCONFIG information, can't access extended PCI configuration space under this bridge.
[    0.096609] PCI host bridge to bus 0000:00
[    0.099486] pci_bus 0000:00: root bus resource [io  0x0000-0x0cf7 window]
[    0.100000] pci_bus 0000:00: root bus resource [io  0x0d00-0xffff window]
[    0.100000] pci_bus 0000:00: root bus resource [mem 0x000a0000-0x000bffff window]
[    0.100000] pci_bus 0000:00: root bus resource [mem 0x80000000-0xfdffffff window]
[    0.100000] pci_bus 0000:00: root bus resource [bus 00-ff]
[    0.107944] pci 0000:00:01.1: legacy IDE quirk: reg 0x10: [io  0x01f0-0x01f7]
[    0.108000] pci 0000:00:01.1: legacy IDE quirk: reg 0x14: [io  0x03f6]
[    0.108000] pci 0000:00:01.1: legacy IDE quirk: reg 0x18: [io  0x0170-0x0177]
[    0.108000] pci 0000:00:01.1: legacy IDE quirk: reg 0x1c: [io  0x0376]
[    0.125872] pci 0000:00:07.0: quirk: [io  0x4000-0x403f] claimed by PIIX4 ACPI
[    0.128000] pci 0000:00:07.0: quirk: [io  0x4100-0x410f] claimed by PIIX4 SMB
[    0.137654] ACPI: PCI Interrupt Link [LNKA] (IRQs 5 9 10 *11)
[    0.140399] ACPI: PCI Interrupt Link [LNKB] (IRQs 5 9 *10 11)
[    0.144000] ACPI: PCI Interrupt Link [LNKC] (IRQs 5 *9 10 11)
[    0.144000] ACPI: PCI Interrupt Link [LNKD] (IRQs 5 9 10 *11)
[    0.144000] SCSI subsystem initialized
[    0.144349] pci 0000:00:02.0: vgaarb: setting as boot VGA device
[    0.148000] pci 0000:00:02.0: vgaarb: VGA device added: decodes=io+mem,owns=io+mem,locks=none
[    0.148000] pci 0000:00:02.0: vgaarb: bridge control possible
[    0.148000] vgaarb: loaded
[    0.148000] ACPI: bus type USB registered
[    0.148000] usbcore: registered new interface driver usbfs
[    0.148000] usbcore: registered new interface driver hub
[    0.148000] usbcore: registered new device driver usb
[    0.148130] EDAC MC: Ver: 3.0.0
[    0.152795] PCI: Using ACPI for IRQ routing
[    0.156261] NetLabel: Initializing
[    0.159345] NetLabel:  domain hash size = 128
[    0.160000] NetLabel:  protocols = UNLABELED CIPSOv4 CALIPSO
[    0.160000] NetLabel:  unlabeled traffic allowed by default
[    0.160294] clocksource: Switched to clocksource kvm-clock
[    0.164000] VFS: Disk quotas dquot_6.6.0
[    0.164000] VFS: Dquot-cache hash table entries: 512 (order 0, 4096 bytes)
[    0.164000] AppArmor: AppArmor Filesystem Enabled
[    0.164000] pnp: PnP ACPI init
[    0.210134] pnp: PnP ACPI: found 3 devices
[    0.260310] clocksource: acpi_pm: mask: 0xffffff max_cycles: 0xffffff, max_idle_ns: 2085701024 ns
[    0.264225] NET: Registered protocol family 2
[    0.264225] IP idents hash table entries: 32768 (order: 6, 262144 bytes)
[    0.264225] TCP established hash table entries: 16384 (order: 5, 131072 bytes)
[    0.280830] TCP bind hash table entries: 16384 (order: 6, 262144 bytes)
[    0.280830] TCP: Hash tables configured (established 16384 bind 16384)
[    0.280830] UDP hash table entries: 1024 (order: 3, 32768 bytes)
[    0.280830] UDP-Lite hash table entries: 1024 (order: 3, 32768 bytes)
[    0.280830] NET: Registered protocol family 1
[    0.280830] pci 0000:00:00.0: Limiting direct PCI/PCI transfers
[    0.280830] pci 0000:00:01.0: Activating ISA DMA hang workarounds
[    0.280830] pci 0000:00:02.0: Video device with shadowed ROM at [mem 0x000c0000-0x000dffff]
[    0.280830] Unpacking initramfs...
[    0.280830] Freeing initrd memory: 20388K
[    0.280830] clocksource: tsc: mask: 0xffffffffffffffff max_cycles: 0x22df18699a8, max_idle_ns: 440795258745 ns
[    0.280830] platform rtc_cmos: registered platform RTC device (no PNP device found)
[    0.280830] Scanning for low memory corruption every 60 seconds
[    0.812781] Initialise system trusted keyrings
[    0.815776] Key type blacklist registered
[    0.819334] workingset: timestamp_bits=36 max_order=19 bucket_order=0
[    0.822879] zbud: loaded
[    0.822879] squashfs: version 4.0 (2009/01/31) Phillip Lougher
[    0.831983] fuse init (API version 7.26)
[    0.877119] Key type asymmetric registered
[    0.880666] Asymmetric key parser 'x509' registered
[    0.881093] Block layer SCSI generic (bsg) driver version 0.4 loaded (major 246)
[    0.891988] io scheduler noop registered
[    0.895362] io scheduler deadline registered
[    0.895623] io scheduler cfq registered (default)
[    0.902679] ACPI: AC Adapter [AC] (on-line)
[    0.905720] input: Power Button as /devices/LNXSYSTM:00/LNXPWRBN:00/input/input0
[    0.911080] ACPI: Power Button [PWRF]
[    0.913905] input: Sleep Button as /devices/LNXSYSTM:00/LNXSLPBN:00/input/input1
[    0.917799] ACPI: Sleep Button [SLPF]
[    0.924206] ACPI: Battery Slot [BAT0] (battery present)
[    0.927915] Serial: 8250/16550 driver, 32 ports, IRQ sharing enabled
[    0.962492] 00:02: ttyS0 at I/O 0x3f8 (irq = 4, base_baud = 115200) is a 16550A
[    0.988771] Linux agpgart interface v0.103
[    0.999283] loop: module loaded
[    1.004838] scsi host0: ata_piix
[    1.008176] scsi host1: ata_piix
[    1.010582] ata1: PATA max UDMA/33 cmd 0x1f0 ctl 0x3f6 bmdma 0xd000 irq 14
[    1.012169] ata2: PATA max UDMA/33 cmd 0x170 ctl 0x376 bmdma 0xd008 irq 15
[    1.012169] tun: Universal TUN/TAP device driver, 1.6
[    1.025247] PPP generic driver version 2.4.2
[    1.028767] ehci_hcd: USB 2.0 'Enhanced' Host Controller (EHCI) Driver
[    1.032588] ehci-pci: EHCI PCI platform driver
[    1.032588] ehci-platform: EHCI generic platform driver
[    1.032588] ohci_hcd: USB 1.1 'Open' Host Controller (OHCI) Driver
[    1.032588] ohci-pci: OHCI PCI platform driver
[    1.032588] ohci-platform: OHCI generic platform driver
[    1.032588] uhci_hcd: USB Universal Host Controller Interface driver
[    1.032588] i8042: PNP: PS/2 Controller [PNP0303:PS2K,PNP0f03:PS2M] at 0x60,0x64 irq 1,12
[    1.066671] serio: i8042 KBD port at 0x60,0x64 irq 1
[    1.069221] serio: i8042 AUX port at 0x60,0x64 irq 12
[    1.076486] mousedev: PS/2 mouse device common for all mice
[    1.083100] rtc_cmos rtc_cmos: rtc core: registered rtc_cmos as rtc0
[    1.087031] rtc_cmos rtc_cmos: alarms up to one day, 114 bytes nvram
[    1.088135] i2c /dev entries driver
[    1.088135] device-mapper: uevent: version 1.0.3
[    1.105396] device-mapper: ioctl: 4.37.0-ioctl (2017-09-20) initialised: dm-devel@redhat.com
[    1.119762] ledtrig-cpu: registered to indicate activity on CPUs
[    1.131433] NET: Registered protocol family 10
[    1.142736] input: AT Translated Set 2 keyboard as /devices/platform/i8042/serio0/input/input2
[    1.154621] Segment Routing with IPv6
[    1.158602] NET: Registered protocol family 17
[    1.166986] Key type dns_resolver registered
[    1.173971] mce: Using 0 MCE banks
[    1.177949] RAS: Correctable Errors collector initialized.
[    1.177949] sched_clock: Marking stable (1173949608, 0)->(2517909812, -1343960204)
[    1.244382] registered taskstats version 1
[    1.248905] Loading compiled-in X.509 certificates
[    1.255226] Loaded X.509 cert 'Build time autogenerated kernel key: 5b165579d658a5808005e73a2425cc20635793b1'
[    1.262638] Loaded X.509 cert 'Canonical Ltd. Live Patch Signing: 14df34d1a87cf37625abec039ef2bf521249b969'
[    1.270036] Loaded X.509 cert 'Canonical Ltd. Kernel Module Signing: 88f752e560a1e0737e31163a466ad7b70a850c19'
[    1.276940] blacklist: Loading compiled-in revocation X.509 certificates
[    1.281757] Loaded X.509 cert 'Canonical Ltd. Secure Boot Signing: 61482aa2830d0ab2ad5af10b7250da9033ddcef0'
[    1.288775] zswap: loaded using pool lzo/zbud
[    1.299061] Key type big_key registered
[    1.302794] Key type trusted registered
[    1.308175] Key type encrypted registered
[    1.311087] AppArmor: AppArmor sha1 policy hashing enabled
[    1.315736] ima: No TPM chip found, activating TPM-bypass! (rc=-19)
[    1.323468] ima: Allocated hash algorithm: sha1
[    1.327384] evm: HMAC attrs: 0x1
[    1.331567]   Magic number: 10:305:516
[    1.335193] rtc_cmos rtc_cmos: setting system clock to 2022-06-04 05:30:14 UTC (1654320614)
[    1.341724] BIOS EDD facility v0.16 2004-Jun-25, 0 devices found
[    1.349818] EDD information not available.
[    1.355855] Freeing unused kernel image memory: 2468K
[    1.373050] Write protecting the kernel read-only data: 20480k
[    1.382815] Freeing unused kernel image memory: 2008K
[    1.390923] Freeing unused kernel image memory: 1820K
[    1.400949] x86/mm: Checked W+X mappings: passed, no W+X pages found.
Loading, please wait...
starting version 237
[    1.579613] e1000: Intel(R) PRO/1000 Network Driver - version 7.3.21-k8-NAPI
[    1.587586] e1000: Copyright (c) 1999-2006 Intel Corporation.
[    1.628918] Fusion MPT base driver 3.04.20
[    1.637962] Copyright (c) 1999-2008 LSI Corporation
[    1.665935] Fusion MPT SPI Host driver 3.04.20
[    2.205650] input: ImExPS/2 Generic Explorer Mouse as /devices/platform/i8042/serio1/input/input4
[    2.253408] e1000 0000:00:03.0 eth0: (PCI:33MHz:32-bit) 02:7b:b6:d3:df:31
[    2.259088] e1000 0000:00:03.0 eth0: Intel(R) PRO/1000 Network Connection
[    2.895267] e1000 0000:00:08.0 eth1: (PCI:33MHz:32-bit) 08:00:27:37:a1:c7
[    2.901340] e1000 0000:00:08.0 eth1: Intel(R) PRO/1000 Network Connection
[    2.909924] e1000 0000:00:03.0 enp0s3: renamed from eth0
[    2.921908] mptbase: ioc0: Initiating bringup
[    3.041471] ioc0: LSI53C1030 A0: Capabilities={Initiator}
[    3.305575] e1000 0000:00:08.0 enp0s8: renamed from eth1
[  117.197157] INFO: rcu_sched self-detected stall on CPU
[  117.200270] INFO: rcu_sched detected stalls on CPUs/tasks:
[  117.205387] 	0-...!: (1 GPs behind) idle=55e/140000000000001/0 softirq=1052/1053 fqs=0 
[  117.217655] 	 (t=28470 jiffies g=-242 c=-243 q=94)
[  117.217835] 	0-...!: (1 GPs behind) idle=55e/140000000000001/0 softirq=1052/1053 fqs=0 
[  117.221048] rcu_sched kthread starved for 28470 jiffies! g18446744073709551374 c18446744073709551373 f0x0 RCU_GP_WAIT_FQS(3) ->state=0x402 ->cpu=1
[  117.228095] 	(detected by 1, t=28470 jiffies, g=-242, c=-243, q=94)
[  117.240014] rcu_sched       I    0     8      2 0x80000000
[  117.249011] Sending NMI from CPU 1 to CPUs 0:
[  117.255410] Call Trace:
[  117.260842] NMI backtrace for cpu 0
[  117.260843] CPU: 0 PID: 158 Comm: systemd-udevd Not tainted 4.15.0-180-generic #189-Ubuntu
[  117.260843] Hardware name: innotek GmbH VirtualBox/VirtualBox, BIOS VirtualBox 12/01/2006
[  117.260843] RIP: 0010:io_serial_in+0x18/0x20
[  117.260844] RSP: 0018:ffff8fa23fc03ad0 EFLAGS: 00010002
[  117.260845] RAX: ffffffff8401d560 RBX: ffffffff85514e60 RCX: 0000000000000000
[  117.260845] RDX: 00000000000003fd RSI: 0000000000000005 RDI: ffffffff85514e60
[  117.260845] RBP: ffff8fa23fc03ad0 R08: 0000000000000000 R09: 0000000000000007
[  117.260846] R10: 0000000000000000 R11: ffffffff8536880d R12: 0000000000002710
[  117.260846] R13: 0000000000000020 R14: ffffffff85368801 R15: ffffffff85514e60
[  117.260846] FS:  00007fdf9f5e9680(0000) GS:ffff8fa23fc00000(0000) knlGS:0000000000000000
[  117.260847] CS:  0010 DS: 0000 ES: 0000 CR0: 0000000080050033
[  117.260847] CR2: 000055a5145fa4e8 CR3: 0000000036750004 CR4: 00000000000206f0
[  117.260847] Call Trace:
[  117.260847]  <IRQ>
[  117.260848]  wait_for_xmitr+0x47/0xb0
[  117.260848]  serial8250_console_putchar+0x1c/0x40
[  117.260848]  ? wait_for_xmitr+0xb0/0xb0
[  117.260849]  uart_console_write+0x4c/0x60
[  117.260849]  serial8250_console_write+0x10a/0x280
[  117.260849]  ? msg_print_text+0x80/0x100
[  117.260850]  univ8250_console_write+0x21/0x30
[  117.260850]  console_unlock+0x3cf/0x560
[  117.260850]  vprintk_emit+0x134/0x2c0
[  117.260850]  vprintk_default+0x29/0x50
[  117.260851]  vprintk_func+0x47/0xc0
[  117.260851]  printk+0x52/0x6e
[  117.260851]  show_trace_log_lvl+0x8c/0x3d0
[  117.260851]  ? vprintk_default+0x29/0x50
[  117.260852]  ? vprintk_func+0x47/0xc0
[  117.260852]  show_stack+0x34/0x50
[  117.260852]  sched_show_task+0xfe/0x130
[  117.260853]  rcu_check_gp_kthread_starvation+0xad/0xc0
[  117.260853]  rcu_check_callbacks+0x6c5/0x8e0
[  117.260854]  ? tick_sched_do_timer+0x50/0x50
[  117.260854]  update_process_times+0x2f/0x60
[  117.260854]  tick_sched_handle+0x26/0x70
[  117.260854]  ? tick_sched_do_timer+0x42/0x50
[  117.260855]  tick_sched_timer+0x39/0x80
[  117.260855]  __hrtimer_run_queues+0xdf/0x230
[  117.260855]  hrtimer_interrupt+0xa0/0x1d0
[  117.260856]  smp_apic_timer_interrupt+0x6f/0x140
[  117.260856]  apic_timer_interrupt+0x90/0xa0
[  117.260856]  </IRQ>
[  117.260856] RIP: 0010:mutex_unlock+0x1c/0x30
[  117.260857] RSP: 0018:ffffa98940603de8 EFLAGS: 00010246 ORIG_RAX: ffffffffffffff11
[  117.260857] RAX: ffff8fa2385895c0 RBX: fffffffffffffdff RCX: 0000000000000000
[  117.260858] RDX: ffff8fa2385895c0 RSI: 0000000000000001 RDI: ffff8fa23c04b3c0
[  117.260858] RBP: ffffa98940603de8 R08: ffff8fa1f641c510 R09: ffff8fa1f65b7900
[  117.260859] R10: 0000000000000000 R11: 0000000000000000 R12: ffffa98940603ef8
[  117.260859] R13: ffff8fa1f60fe000 R14: 0000000000000001 R15: ffff8fa23c04b380
[  117.260859]  seq_read+0x1f0/0x450
[  117.260859]  kernfs_fop_read+0x137/0x180
[  117.260860]  ? security_file_permission+0xa1/0xc0
[  117.260860]  __vfs_read+0x1b/0x40
[  117.260860]  vfs_read+0x8e/0x130
[  117.260860]  SyS_read+0x5c/0xe0
[  117.260861]  do_syscall_64+0x73/0x130
[  117.260861]  entry_SYSCALL_64_after_hwframe+0x41/0xa6
[  117.260861] RIP: 0033:0x7fdf9f0e6031
[  117.260862] RSP: 002b:00007ffdc6527948 EFLAGS: 00000246 ORIG_RAX: 0000000000000000
[  117.260862] RAX: ffffffffffffffda RBX: 000055a5145c5260 RCX: 00007fdf9f0e6031
[  117.260863] RDX: 0000000000001000 RSI: 000055a5145f64a0 RDI: 000000000000000d
[  117.260863] RBP: 00007fdf9f3be2a0 R08: 0000000000000000 R09: 0000000000000000
[  117.260863] R10: 000055a5145c5010 R11: 0000000000000246 R12: 000055a5145f64a0
[  117.260864] R13: 0000000000001001 R14: 0000000000000d68 R15: 0000000000001001
[  117.260864] Code: 48 89 e5 d3 e6 48 63 f6 48 03 77 10 8b 06 5d c3 0f 1f 00 0f 1f 44 00 00 0f b6 8f a1 00 00 00 8b 57 08 55 48 89 e5 d3 e6 01 f2 ec <0f> b6 c0 5d c3 0f 1f 00 0f 1f 44 00 00 0f b6 8f a1 00 00 00 89 
[  117.260876] rcu_sched kthread starved for 28470 jiffies! g18446744073709551374 c18446744073709551373 f0x0 RCU_GP_WAIT_FQS(3) ->state=0x402 ->cpu=1
[  117.262891]  __schedule+0x24e/0x890
[  117.262894]  schedule+0x2c/0x80
[  117.266035] rcu_sched       I    0     8      2 0x80000000
[  117.274260]  schedule_timeout+0x15d/0x370
[  117.288568] Call Trace:
[  117.292195]  ? __next_timer_interrupt+0xe0/0xe0
[  117.299237]  __schedule+0x24e/0x890
[  117.311144]  rcu_gp_kthread+0x53a/0x980
[  117.319495]  schedule+0x2c/0x80
[  117.330622]  kthread+0x121/0x140
[  117.339788]  schedule_timeout+0x15d/0x370
[  117.344721]  ? rcu_note_context_switch+0x150/0x150
[  117.358436]  ? __next_timer_interrupt+0xe0/0xe0
[  117.369849]  ? kthread_create_worker_on_cpu+0x70/0x70
[  117.379339]  rcu_gp_kthread+0x53a/0x980
[  117.383694]  ret_from_fork+0x1f/0x40
[  117.388108]  kthread+0x121/0x140
[  117.391759] NMI backtrace for cpu 0
[  117.396084]  ? rcu_note_context_switch+0x150/0x150
[  117.398817] CPU: 0 PID: 158 Comm: systemd-udevd Not tainted 4.15.0-180-generic #189-Ubuntu
[  117.401938]  ? kthread_create_worker_on_cpu+0x70/0x70
[  117.405653] Hardware name: innotek GmbH VirtualBox/VirtualBox, BIOS VirtualBox 12/01/2006
[  117.410428]  ret_from_fork+0x1f/0x40
[  117.417495] Call Trace:
[  117.731394]  <IRQ>
[  117.733030]  dump_stack+0x6d/0x8b
[  117.735969]  nmi_cpu_backtrace+0x94/0xa0
[  117.738786]  ? lapic_can_unplug_cpu+0xb0/0xb0
[  117.743326]  nmi_trigger_cpumask_backtrace+0xe7/0x130
[  117.750904]  arch_trigger_cpumask_backtrace+0x19/0x20
[  117.756221]  rcu_dump_cpu_stacks+0xa3/0xd5
[  117.762119]  rcu_check_callbacks+0x6cd/0x8e0
[  117.768240]  ? tick_sched_do_timer+0x50/0x50
[  117.773112]  update_process_times+0x2f/0x60
[  117.776905]  tick_sched_handle+0x26/0x70
[  117.782822]  ? tick_sched_do_timer+0x42/0x50
[  117.787227]  tick_sched_timer+0x39/0x80
[  117.791913]  __hrtimer_run_queues+0xdf/0x230
[  117.797626]  hrtimer_interrupt+0xa0/0x1d0
[  117.803614]  smp_apic_timer_interrupt+0x6f/0x140
[  117.808738]  apic_timer_interrupt+0x90/0xa0
[  117.815820]  </IRQ>
[  117.818675] RIP: 0010:mutex_unlock+0x1c/0x30
[  117.822839] RSP: 0018:ffffa98940603de8 EFLAGS: 00010246 ORIG_RAX: ffffffffffffff11
[  117.833568] RAX: ffff8fa2385895c0 RBX: fffffffffffffdff RCX: 0000000000000000
[  117.840986] RDX: ffff8fa2385895c0 RSI: 0000000000000001 RDI: ffff8fa23c04b3c0
[  117.846559] RBP: ffffa98940603de8 R08: ffff8fa1f641c510 R09: ffff8fa1f65b7900
[  117.851121] R10: 0000000000000000 R11: 0000000000000000 R12: ffffa98940603ef8
[  117.856834] R13: ffff8fa1f60fe000 R14: 0000000000000001 R15: ffff8fa23c04b380
[  117.865344]  seq_read+0x1f0/0x450
[  117.870977]  kernfs_fop_read+0x137/0x180
[  117.874234]  ? security_file_permission+0xa1/0xc0
[  117.878166]  __vfs_read+0x1b/0x40
[  117.881374]  vfs_read+0x8e/0x130
[  117.883453]  SyS_read+0x5c/0xe0
[  117.885751]  do_syscall_64+0x73/0x130
[  117.888500]  entry_SYSCALL_64_after_hwframe+0x41/0xa6
[  117.891799] RIP: 0033:0x7fdf9f0e6031
[  117.894132] RSP: 002b:00007ffdc6527948 EFLAGS: 00000246 ORIG_RAX: 0000000000000000
[  117.898868] RAX: ffffffffffffffda RBX: 000055a5145c5260 RCX: 00007fdf9f0e6031
[  117.903234] RDX: 0000000000001000 RSI: 000055a5145f64a0 RDI: 000000000000000d
[  117.908192] RBP: 00007fdf9f3be2a0 R08: 0000000000000000 R09: 0000000000000000
[  117.912857] R10: 000055a5145c5010 R11: 0000000000000246 R12: 000055a5145f64a0
[  117.917272] R13: 0000000000001001 R14: 0000000000000d68 R15: 0000000000001001
[  117.922248] mptbase: ioc0: WARNING - Issuing Reset from mpt_config!!, doorbell=0x24000000
[  119.532728] mptbase: ioc0: Attempting Retry Config request type 0x3, page 0x2, action 6
[  119.547714] mptbase: ioc0: Retry completed ret=0x0 timeleft=3750
[  119.568427] scsi host2: ioc0: LSI53C1030 A0, FwRev=00000000h, Ports=1, MaxQ=256, IRQ=20
[  119.765212] scsi 2:0:0:0: Direct-Access     VBOX     HARDDISK         1.0  PQ: 0 ANSI: 5
[  119.801191] scsi target2:0:0: Beginning Domain Validation
[  119.814910] scsi target2:0:0: Domain Validation skipping write tests
[  119.820087] scsi target2:0:0: Ending Domain Validation
[  119.826625] scsi target2:0:0: asynchronous
[  119.832029] scsi 2:0:1:0: Direct-Access     VBOX     HARDDISK         1.0  PQ: 0 ANSI: 5
[  119.860790] scsi target2:0:1: Beginning Domain Validation
[  119.874302] scsi target2:0:1: Domain Validation skipping write tests
[  119.879087] scsi target2:0:1: Ending Domain Validation
[  119.883029] scsi target2:0:1: asynchronous
[  119.892230] random: fast init done
[  119.896441] sd 2:0:0:0: Attached scsi generic sg0 type 0
[  119.896718] random: systemd-udevd: uninitialized urandom read (16 bytes read)
[  119.900603] sd 2:0:1:0: Attached scsi generic sg1 type 0
[  119.905491] random: systemd-udevd: uninitialized urandom read (16 bytes read)
[  119.910045] sd 2:0:1:0: [sdb] 20480 512-byte logical blocks: (10.5 MB/10.0 MiB)
[  119.914208] random: systemd-udevd: uninitialized urandom read (16 bytes read)
[  119.920207] sd 2:0:1:0: [sdb] Write Protect is off
[  119.929004] sd 2:0:1:0: [sdb] Incomplete mode parameter data
[  119.932757] sd 2:0:1:0: [sdb] Assuming drive cache: write through
[  119.937055] sd 2:0:0:0: [sda] 83886080 512-byte logical blocks: (42.9 GB/40.0 GiB)
[  119.941831] sd 2:0:1:0: [sdb] Attached SCSI disk
[  119.947443] sd 2:0:0:0: [sda] Write Protect is off
[  119.951720] sd 2:0:0:0: [sda] Incomplete mode parameter data
[  119.955646] sd 2:0:0:0: [sda] Assuming drive cache: write through
[  119.964984]  sda: sda1
[  119.970163] sd 2:0:0:0: [sda] Attached SCSI disk
Begin: Loading essential drivers ... [  122.884818] raid6: sse2x1   gen()  8290 MB/s
[  124.248188] raid6: sse2x1   xor() 122992 MB/s
[  126.248200] raid6: sse2x2   gen() 246025 MB/s
[  127.288240] raid6: sse2x2   xor()  5475 MB/s
[  128.292386] raid6: sse2x4   gen() 15013 MB/s
[  128.341038] raid6: sse2x4   xor() 11284 MB/s
[  128.345358] raid6: using algorithm sse2x2 gen() 246025 MB/s
[  128.353530] raid6: .... xor() 5475 MB/s, rmw enabled
[  128.360537] raid6: using ssse3x2 recovery algorithm
[  128.366979] xor: measuring software checksum speed
[  133.247690]    prefetch64-sse: -896539.-296 MB/sec
[  133.338863]    generic_sse: 35307.000 MB/sec
[  133.346037] xor: using function: generic_sse (35307.000 MB/sec)
[  133.362915] async_tx: api initialized (async)
done.
Begin: Running /scripts/init-premount ... done.
Begin: Mounting root file system ... Begin: Running /scripts/local-top ... done.
Begin: Running /scripts/local-premount ... [  133.445298] Btrfs loaded, crc32c=crc32c-intel
Scanning for Btrfs filesystems
done.
Begin: Will now check root file system ... fsck from util-linux 2.31.1
[/sbin/fsck.ext4 (1) -- /dev/sda1] fsck.ext4 -a -C0 /dev/sda1 
cloudimg-rootfs: recovering journal
cloudimg-rootfs: Clearing orphaned inode 7940 (uid=111, gid=116, mode=0100600, size=0)
cloudimg-rootfs: Clearing orphaned inode 4675 (uid=111, gid=116, mode=0100600, size=0)
cloudimg-rootfs: Clearing orphaned inode 4673 (uid=111, gid=116, mode=0100600, size=0)
cloudimg-rootfs: Clearing orphaned inode 4672 (uid=111, gid=116, mode=0100600, size=0)
cloudimg-rootfs: clean, 285517/5120000 files, 1749415/10485499 blocks
done.
[  133.653130] EXT4-fs (sda1): mounted filesystem with ordered data mode. Opts: (null)
done.
Begin: Running /scripts/local-bottom ... done.
Begin: Running /scripts/init-bottom ... done.
[  133.920009] ip_tables: (C) 2000-2006 Netfilter Core Team
[  133.939228] systemd[1]: systemd 237 running in system mode. (+PAM +AUDIT +SELINUX +IMA +APPARMOR +SMACK +SYSVINIT +UTMP +LIBCRYPTSETUP +GCRYPT +GNUTLS +ACL +XZ +LZ4 +SECCOMP +BLKID +ELFUTILS +KMOD -IDN2 +IDN -PCRE2 default-hierarchy=hybrid)
[  133.953642] systemd[1]: Detected virtualization oracle.
[  133.958571] systemd[1]: Detected architecture x86-64.

Welcome to [1mUbuntu 18.04.6 LTS[0m!

[  134.017394] systemd[1]: Set hostname to <ubuntu-bionic>.
[  134.470502] systemd[1]: Created slice User and Session Slice.
[[0;32m  OK  [0m] Created slice User and Session Slice.
[  134.477861] systemd[1]: Started Forward Password Requests to Wall Directory Watch.
[[0;32m  OK  [0m] Started Forward Password Requests to Wall Directory Watch.
[  134.485932] systemd[1]: Set up automount Arbitrary Executable File Formats File System Automount Point.
[[0;32m  OK  [0m] Set up automount Arbitrary Executab…rmats File System Automount Point.
[  134.500739] systemd[1]: Created slice System Slice.
[[0;32m  OK  [0m] Created slice System Slice.
[  134.509631] systemd[1]: Listening on LVM2 poll daemon socket.
[[0;32m  OK  [0m] Listening on LVM2 poll daemon socket.
[  134.520126] systemd[1]: Listening on Device-mapper event daemon FIFOs.
[[0;32m  OK  [0m] Listening on Device-mapper event daemon FIFOs.
[[0;32m  OK  [0m] Listening on LVM2 metadata daemon socket.
[[0;32m  OK  [0m] Listening on udev Control Socket.
[[0;32m  OK  [0m] Created slice system-serial\x2dgetty.slice.
[[0;32m  OK  [0m] Listening on Journal Audit Socket.
[[0;32m  OK  [0m] Listening on fsck to fsckd communication Socket.
[[0;32m  OK  [0m] Listening on Network Service Netlink Socket.
[[0;32m  OK  [0m] Listening on Journal Socket (/dev/log).
[[0;32m  OK  [0m] Reached target Slices.
[[0;32m  OK  [0m] Listening on udev Kernel Socket.
[[0;32m  OK  [0m] Listening on Journal Socket.
         Starting udev Coldplug all Devices...
         Mounting Huge Pages File System...
         Starting Remount Root and Kernel File Systems...
         Mounting Kernel Debug File System...
         Starting Monitoring of LVM2 mirrors…ng dmeventd or progress polling...
         Starting Uncomplicated firewall...
         Starting Create list of required st…ce nodes for the current kernel...
[[0;32m  OK  [0m] Reached target User and Group Name Lookups.
[[0;32m  OK  [0m] Listening on /dev/initctl Compatibility Named Pipe.
[[0;32m  OK  [0m] Reached target System Time Synchronized.
[  134.642988] EXT4-fs (sda1): re-mounted. Opts: (null)
         Starting Load Kernel Modules...
[[0;32m  OK  [0m] Reached target Swap.
[[0;32m  OK  [0m] Listening on Syslog Socket.
[  134.724355] Loading iSCSI transport class v2.0-870.
         Starting Journal Service...
         Mounting POSIX Message Queue File System...
[  134.772463] iscsi: registered transport (tcp)
         Starting Set the console keyboard layout...
[[0;32m  OK  [0m] Mounted Huge Pages File System.
[[0;32m  OK  [0m] Started Remount Root and Kernel File Systems.
[[0;32m  OK  [0m] Mounted Kernel Debug File System.
[[0;32m  OK  [0m] Started Uncomplicated firewall.
[[0;32m  OK  [0m] Started Create list of required sta…vice nodes for the current kernel.
[[0;32m  OK  [0m] Mounted POSIX Message Queue File System.
[[0;32m  OK  [0m] Started LVM2 metadata daemon.
         Starting Create Static Device Nodes in /dev...
[  134.853863] iscsi: registered transport (iser)
         Starting Load/Save Random Seed...
[[0;32m  OK  [0m] Started Journal Service.
[[0;32m  OK  [0m] Started Load Kernel Modules.
[[0;32m  OK  [0m] Started udev Coldplug all Devices.
         Starting Apply Kernel Variables...
         Mounting FUSE Control File System...
         Mounting Kernel Configuration File System...
         Starting Flush Journal to Persistent Storage...
[[0;32m  OK  [0m] Mounted FUSE Control File System.
[[0;32m  OK  [0m] Started Load/Save Random Seed.
[[0;32m  OK  [0m] Mounted Kernel Configuration File System.
[[0;32m  OK  [0m] Started Create Static Device Nodes in /dev.
         Starting udev Kernel Device Manager...
[[0;32m  OK  [0m] Started Apply Kernel Variables.
[[0;32m  OK  [0m] Started udev Kernel Device Manager.
[[0;32m  OK  [0m] Started Monitoring of LVM2 mirrors,…sing dmeventd or progress polling.
[[0;32m  OK  [0m] Found device /dev/ttyS0.
[[0;32m  OK  [0m] Started Flush Journal to Persistent Storage.
[[0;32m  OK  [0m] Listening on Load/Save RF Kill Switch Status /dev/rfkill Watch.
[[0;32m  OK  [0m] Started Set the console keyboard layout.
[[0;32m  OK  [0m] Reached target Local File Systems (Pre).
[[0;32m  OK  [0m] Reached target Local File Systems.
         Starting Create Volatile Files and Directories...
         Starting Set console font and keymap...
         Starting Tell Plymouth To Write Out Runtime Data...
         Starting ebtables ruleset management...
         Starting AppArmor initialization...
[[0;32m  OK  [0m] Started Dispatch Password Requests to Console Directory Watch.
[[0;32m  OK  [0m] Reached target Local Encrypted Volumes.
[[0;32m  OK  [0m] Started Set console font and keymap.
[[0;32m  OK  [0m] Started Tell Plymouth To Write Out Runtime Data.
[[0;32m  OK  [0m] Started ebtables ruleset management.
[[0;32m  OK  [0m] Started AppArmor initialization.
         Starting Load AppArmor profiles managed internally by snapd...
[[0;32m  OK  [0m] Started Load AppArmor profiles managed internally by snapd.
[[0;32m  OK  [0m] Started Create Volatile Files and Directories.
         Starting Update UTMP about System Boot/Shutdown...
         Starting Initial cloud-init job (pre-networking)...
[[0;32m  OK  [0m] Started Update UTMP about System Boot/Shutdown.
[  140.707325] cloud-init[716]: Cloud-init v. 22.1-14-g2e17a0d6-0ubuntu1~18.04.3 running 'init-local' at Sat, 04 Jun 2022 05:32:33 +0000. Up 140.42 seconds.
[[0;32m  OK  [0m] Started Initial cloud-init job (pre-networking).
[[0;32m  OK  [0m] Reached target Network (Pre).
         Starting Network Service...
[[0;32m  OK  [0m] Started Network Service.
         Starting Wait for Network to be Configured...
         Starting Network Name Resolution...
[[0;32m  OK  [0m] Started Network Name Resolution.
[[0;32m  OK  [0m] Reached target Network.
[[0;32m  OK  [0m] Reached target Host and Network Name Lookups.
[[0;32m  OK  [0m] Started Wait for Network to be Configured.
         Starting Initial cloud-init job (metadata service crawler)...
[  143.731334] cloud-init[842]: Cloud-init v. 22.1-14-g2e17a0d6-0ubuntu1~18.04.3 running 'init' at Sat, 04 Jun 2022 05:32:36 +0000. Up 143.40 seconds.
[  143.745545] cloud-init[842]: ci-info: ++++++++++++++++++++++++++++++++++++++Net device info+++++++++++++++++++++++++++++++++++++++
[  143.748650] cloud-init[842]: ci-info: +--------+------+-----------------------------+---------------+--------+-------------------+
[  143.752963] cloud-init[842]: ci-info: | Device |  Up  |           Address           |      Mask     | Scope  |     Hw-Address    |
[  143.757778] cloud-init[842]: ci-info: +--------+------+-----------------------------+---------------+--------+-------------------+
[  143.760668] cloud-init[842]: ci-info: | enp0s3 | True |          10.0.2.15          | 255.255.255.0 | global | 02:7b:b6:d3:df:31 |
[  143.764274] cloud-init[842]: ci-info: | enp0s3 | True |  fe80::7b:b6ff:fed3:df31/64 |       .       |  link  | 02:7b:b6:d3:df:31 |
[  143.767031] cloud-init[842]: ci-info: | enp0s8 | True |        192.168.33.10        | 255.255.255.0 | global | 08:00:27:37:a1:c7 |
[  143.769875] cloud-init[842]: ci-info: | enp0s8 | True | fe80::a00:27ff:fe37:a1c7/64 |       .       |  link  | 08:00:27:37:a1:c7 |
[  143.773274] cloud-init[842]: ci-info: |   lo   | True |          127.0.0.1          |   255.0.0.0   |  host  |         .         |
[  143.776228] cloud-init[842]: ci-info: |   lo   | True |           ::1/128           |       .       |  host  |         .         |
[  143.779356] cloud-init[842]: ci-info: +--------+------+-----------------------------+---------------+--------+-------------------+
[  143.782899] cloud-init[842]: ci-info: +++++++++++++++++++++++++++++Route IPv4 info+++++++++++++++++++++++++++++
[  143.785606] cloud-init[842]: ci-info: +-------+--------------+----------+-----------------+-----------+-------+
[  143.788282] cloud-init[842]: ci-info: | Route | Destination  | Gateway  |     Genmask     | Interface | Flags |
[  143.790832] cloud-init[842]: ci-info: +-------+--------------+----------+-----------------+-----------+-------+
[  143.793822] cloud-init[842]: ci-info: |   0   |   0.0.0.0    | 10.0.2.2 |     0.0.0.0     |   enp0s3  |   UG  |
[  143.796984] cloud-init[842]: ci-info: |   1   |   10.0.2.0   | 0.0.0.0  |  255.255.255.0  |   enp0s3  |   U   |
[  143.799710] cloud-init[842]: ci-info: |   2   |   10.0.2.2   | 0.0.0.0  | 255.255.255.255 |   enp0s3  |   UH  |
[  143.803954] cloud-init[842]: ci-info: |   3   | 192.168.33.0 | 0.0.0.0  |  255.255.255.0  |   enp0s8  |   U   |
[  143.807019] cloud-init[842]: ci-info: +-------+--------------+----------+-----------------+-----------+-------+
[  143.810704] cloud-init[842]: ci-info: +++++++++++++++++++Route IPv6 info+++++++++++++++++++
[  143.813848] cloud-init[842]: ci-info: +-------+-------------+---------+-----------+-------+
[  143.816479] cloud-init[842]: ci-info: | Route | Destination | Gateway | Interface | Flags |
[  143.818992] cloud-init[842]: ci-info: +-------+-------------+---------+-----------+-------+
[  143.821228] cloud-init[842]: ci-info: |   1   |  fe80::/64  |    ::   |   enp0s8  |   U   |
[  143.823232] cloud-init[842]: ci-info: |   2   |  fe80::/64  |    ::   |   enp0s3  |   U   |
[  143.825584] cloud-init[842]: ci-info: |   4   |    local    |    ::   |   enp0s3  |   U   |
[  143.828520] cloud-init[842]: ci-info: |   5   |    local    |    ::   |   enp0s8  |   U   |
[  143.830879] cloud-init[842]: ci-info: |   6   |   ff00::/8  |    ::   |   enp0s8  |   U   |
[  143.833209] cloud-init[842]: ci-info: |   7   |   ff00::/8  |    ::   |   enp0s3  |   U   |
[  143.835578] cloud-init[842]: ci-info: +-------+-------------+---------+-----------+-------+
[[0;32m  OK  [0m] Started Initial cloud-init job (metadata service crawler).
[[0;32m  OK  [0m] Reached target System Initialization.
[[0;32m  OK  [0m] Started Daily apt download activities.
[[0;32m  OK  [0m] Listening on D-Bus System Message Bus Socket.
[[0;32m  OK  [0m] Listening on cloud-init hotplug hook socket.
[[0;32m  OK  [0m] Started Daily apt upgrade and clean activities.
[[0;32m  OK  [0m] Started Message of the Day.
[[0;32m  OK  [0m] Listening on ACPID Listen Socket.
[[0;32m  OK  [0m] Listening on UUID daemon activation socket.
[[0;32m  OK  [0m] Started Ubuntu Advantage Timer for running repeated jobs.
[[0;32m  OK  [0m] Started Trigger to poll for Ubuntu …(Only enabled on GCP LTS non-pro).
[[0;32m  OK  [0m] Started Discard unused blocks once a week.
[[0;32m  OK  [0m] Started Daily Cleanup of Temporary Directories.
[[0;32m  OK  [0m] Reached target Timers.
[[0;32m  OK  [0m] Listening on Open-iSCSI iscsid Socket.
         Starting Socket activation for snappy daemon.
         Starting LXD - unix socket.
[[0;32m  OK  [0m] Started ACPI Events Check.
[[0;32m  OK  [0m] Reached target Paths.
[[0;32m  OK  [0m] Reached target Cloud-config availability.
[[0;32m  OK  [0m] Reached target Network is Online.
[[0;32m  OK  [0m] Reached target Remote File Systems (Pre).
         Starting Availability of block devices...
         Mounting /vagrant...
[[0;32m  OK  [0m] Listening on Socket activation for snappy daemon.
[[0;32m  OK  [0m] Listening on LXD - unix socket.
[[0;32m  OK  [0m] Reached target Sockets.
[[0;32m  OK  [0m] Reached target Basic System.
[[0;32m  OK  [0m] Started An object/document-oriented database.
[[0;32m  OK  [0m] Started irqbalance daemon.
[[0;32m  OK  [0m] Started FUSE filesystem for LXC.
         Starting Login Service...
         Starting Dispatcher daemon for systemd-networkd...
         Starting Message of the Day...
         Starting Virtualbox guest utils...
[[0;32m  OK  [0m] Started D-Bus System Message Bus.
[[0;32m  OK  [0m] Started Login Service.
[[0;32m  OK  [0m] Started Unattended Upgrades Shutdown.
[[0;32m  OK  [0m] Started Regular background program processing daemon.
         Starting OpenBSD Secure Shell server...
         Starting LSB: Record successful boot for GRUB...
         Starting MySQL Community Server...
         Starting LXD - container startup/shutdown...
[[0;32m  OK  [0m] Started Deferred execution scheduler.
         Starting Advanced key-value store...
         Starting Accounts Service...
         Starting System Logging Service...
         Starting Snap Daemon...
[[0;32m  OK  [0m] Started System Logging Service.
[[0;32m  OK  [0m] Started Availability of block devices.
[[0;32m  OK  [0m] Mounted /vagrant.
[[0;32m  OK  [0m] Reached target Remote File Systems.
         Starting LSB: automatic crash report generation...
         Starting Permit User Sessions...
[[0;32m  OK  [0m] Started Permit User Sessions.
         Starting Hold until boot process finishes up...
         Starting Terminate Plymouth Boot Screen...
[[0;32m  OK  [0m] Started Hold until boot process finishes up.
[[0;32m  OK  [0m] Started Terminate Plymouth Boot Screen.
[[0;32m  OK  [0m] Started Serial Getty on ttyS0.
         Starting Set console scheme...
         Starting Authorization Manager...
[[0;32m  OK  [0m] Started OpenBSD Secure Shell server.
[[0;32m  OK  [0m] Started Set console scheme.
[[0;32m  OK  [0m] Started Advanced key-value store.
[[0;32m  OK  [0m] Created slice system-getty.slice.
[[0;32m  OK  [0m] Started Getty on tty1.
[[0;32m  OK  [0m] Reached target Login Prompts.
[[0;32m  OK  [0m] Started Dispatcher daemon for systemd-networkd.
[[0;32m  OK  [0m] Started LSB: automatic crash report generation.
[[0;32m  OK  [0m] Started LSB: Record successful boot for GRUB.
[[0;32m  OK  [0m] Started Virtualbox guest utils.
[[0;32m  OK  [0m] Started Authorization Manager.
[[0;32m  OK  [0m] Started Accounts Service.
[[0;32m  OK  [0m] Started LXD - container startup/shutdown.
[[0;32m  OK  [0m] Created slice User Slice of vagrant.
         Starting User Manager for UID 1000...
[[0;32m  OK  [0m] Started Session 1 of user vagrant.
[[0;32m  OK  [0m] Started User Manager for UID 1000.
[[0;32m  OK  [0m] Started Snap Daemon.
         Starting Wait until snapd is fully seeded...
         Starting Time & Date Service...
[[0;32m  OK  [0m] Started Time & Date Service.
[[0;32m  OK  [0m] Started Wait until snapd is fully seeded.
         Starting Apply the settings specified in cloud-config...
[  151.758729] cloud-init[1627]: Cloud-init v. 22.1-14-g2e17a0d6-0ubuntu1~18.04.3 running 'modules:config' at Sat, 04 Jun 2022 05:32:44 +0000. Up 151.56 seconds.

Ubuntu 18.04.6 LTS ubuntu-bionic ttyS0

ubuntu-bionic login: [  161.386602] cloud-init[2054]: Cloud-init v. 22.1-14-g2e17a0d6-0ubuntu1~18.04.3 running 'modules:final' at Sat, 04 Jun 2022 05:32:54 +0000. Up 161.16 seconds.
[  161.386880] cloud-init[2054]: Cloud-init v. 22.1-14-g2e17a0d6-0ubuntu1~18.04.3 finished at Sat, 04 Jun 2022 05:32:54 +0000. Datasource DataSourceNoCloud [seed=/dev/sdb][dsmode=net].  Up 161.36 seconds
